<?xml version="1.0" encoding="UTF-8"?>
<!-- Generated by org.testng.reporters.JUnitReportReporter -->
<testsuite hostname="Reshma" failures="0" tests="2" name="api.text_practice1.UserTest" time="2.692" errors="0" timestamp="2024-10-25T14:08:23 GMT-04:00" skipped="0">
  <testcase classname="api.text_practice1.UserTest" name="testPostUser" time="2.413"/>
  <testcase classname="api.text_practice1.UserTest" name="testGetUserByName" time="0.279"/>
</testsuite> <!-- api.text_practice1.UserTest -->
