<?xml version="1.0" encoding="UTF-8"?>
<!-- Generated by org.testng.reporters.JUnitReportReporter -->
<testsuite hostname="Reshma" failures="0" tests="1" name="restassured_practice.PetStoreTestCases" time="1.936" errors="0" timestamp="2024-03-12T17:54:46 GMT-04:00" skipped="0">
  <testcase classname="restassured_practice.PetStoreTestCases" name="validatePostRequest" time="1.936"/>
  <system-out/>
</testsuite> <!-- restassured_practice.PetStoreTestCases -->
