<?xml version="1.0" encoding="UTF-8"?>
<!-- Generated by org.testng.reporters.JUnitReportReporter -->
<testsuite hostname="Reshma" failures="0" tests="1" name="day2.Header" time="5.868" errors="0" timestamp="2024-07-10T15:17:54 GMT-04:00" skipped="0">
  <testcase classname="day2.Header" name="testHeader" time="5.868"/>
  <system-out/>
</testsuite> <!-- day2.Header -->
