<?xml version="1.0" encoding="UTF-8"?>
<!-- Generated by org.testng.reporters.JUnitReportReporter -->
<testsuite hostname="Reshma" failures="0" tests="4" name="api.test.UserTests" time="7.917" errors="0" timestamp="2024-10-28T16:38:54 GMT-04:00" skipped="0">
  <testcase classname="api.test.UserTests" name="testPostUser" time="5.160"/>
  <testcase classname="api.test.UserTests" name="testGetUserByName" time="0.850"/>
  <testcase classname="api.test.UserTests" name="testUpdateUserByName" time="1.227"/>
  <testcase classname="api.test.UserTests" name="testDeleteUserByName" time="0.680"/>
</testsuite> <!-- api.test.UserTests -->
