<?xml version="1.0" encoding="UTF-8"?>
<!-- Generated by org.testng.reporters.JUnitReportReporter -->
<testsuite hostname="Reshma" failures="0" tests="1" name="restassured_practice.PetOrder" time="1.698" errors="0" timestamp="2024-03-12T18:08:52 GMT-04:00" skipped="0">
  <testcase classname="restassured_practice.PetOrder" name="validatePostReq" time="1.698"/>
  <system-out/>
</testsuite> <!-- restassured_practice.PetOrder -->
