<?xml version="1.0" encoding="UTF-8"?>
<!-- Generated by org.testng.reporters.JUnitReportReporter -->
<testsuite hostname="Reshma" failures="0" tests="1" name="day3.jsonSchemaValidation" time="4.849" errors="0" timestamp="2024-07-16T13:45:02 GMT-04:00" skipped="0">
  <testcase classname="day3.jsonSchemaValidation" name="jsonschemavalidation" time="4.849"/>
  <system-out/>
</testsuite> <!-- day3.jsonSchemaValidation -->
