<?xml version="1.0" encoding="UTF-8"?>
<!-- Generated by org.testng.reporters.JUnitReportReporter -->
<testsuite hostname="Reshma" failures="0" tests="1" name="day2.Cookies" time="7.033" errors="0" timestamp="2024-07-10T13:53:10 GMT-04:00" skipped="0">
  <testcase classname="day2.Cookies" name="testCookies" time="7.033"/>
  <system-out/>
</testsuite> <!-- day2.Cookies -->
