<?xml version="1.0" encoding="UTF-8"?>
<!-- Generated by org.testng.reporters.JUnitReportReporter -->
<testsuite hostname="Reshma" failures="0" tests="4" name="api.test.UserTests" time="7.510" errors="0" timestamp="2024-10-30T14:40:37 GMT-04:00" skipped="0">
  <testcase classname="api.test.UserTests" name="testPostUser" time="4.955"/>
  <system-out/>
  <testcase classname="api.test.UserTests" name="testGetUserByName" time="0.623"/>
  <system-out/>
  <testcase classname="api.test.UserTests" name="testUpdateUserByName" time="1.102"/>
  <system-out/>
  <testcase classname="api.test.UserTests" name="testDeleteUserByName" time="0.830"/>
  <system-out/>
</testsuite> <!-- api.test.UserTests -->
